<?xml version="1.0" encoding="UTF-8"?>
<testsuite xmlns:xsi="http://www.w3.org/2001/XMLSchema-instance" xsi:noNamespaceSchemaLocation="https://maven.apache.org/surefire/maven-surefire-plugin/xsd/surefire-test-report-3.0.xsd" version="3.0" name="pl.edu.wszib.library.database.BookDAOTest" time="0.587" tests="6" errors="0" skipped="0" failures="0">
  <properties>
    <property name="java.specification.version" value="17"/>
    <property name="sun.cpu.isalist" value="amd64"/>
    <property name="sun.jnu.encoding" value="Cp1250"/>
    <property name="java.class.path" value="C:\Users\Karolina\Documents\Java\myProjects\LibraryApp\target\test-classes;C:\Users\Karolina\Documents\Java\myProjects\LibraryApp\target\classes;C:\Users\Karolina\.m2\repository\com\mysql\mysql-connector-j\8.0.32\mysql-connector-j-8.0.32.jar;C:\Users\Karolina\.m2\repository\com\google\protobuf\protobuf-java\3.21.9\protobuf-java-3.21.9.jar;C:\Users\Karolina\.m2\repository\commons-codec\commons-codec\1.15\commons-codec-1.15.jar;C:\Users\Karolina\.m2\repository\org\junit\jupiter\junit-jupiter-api\5.9.2\junit-jupiter-api-5.9.2.jar;C:\Users\Karolina\.m2\repository\org\opentest4j\opentest4j\1.2.0\opentest4j-1.2.0.jar;C:\Users\Karolina\.m2\repository\org\junit\platform\junit-platform-commons\1.9.2\junit-platform-commons-1.9.2.jar;C:\Users\Karolina\.m2\repository\org\apiguardian\apiguardian-api\1.1.2\apiguardian-api-1.1.2.jar;C:\Users\Karolina\.m2\repository\junit\junit\4.13.2\junit-4.13.2.jar;C:\Users\Karolina\.m2\repository\org\hamcrest\hamcrest-core\1.3\hamcrest-core-1.3.jar;"/>
    <property name="java.vm.vendor" value="JetBrains s.r.o."/>
    <property name="sun.arch.data.model" value="64"/>
    <property name="user.variant" value=""/>
    <property name="java.vendor.url" value="https://openjdk.java.net/"/>
    <property name="user.timezone" value="Europe/Warsaw"/>
    <property name="os.name" value="Windows 11"/>
    <property name="java.vm.specification.version" value="17"/>
    <property name="sun.java.launcher" value="SUN_STANDARD"/>
    <property name="user.country" value="PL"/>
    <property name="sun.boot.library.path" value="C:\Program Files\JetBrains\IntelliJ IDEA 2022.2.3\jbr\bin"/>
    <property name="sun.java.command" value="C:\Users\Karolina\AppData\Local\Temp\surefire6444751994692927293\surefirebooter-20230222133440353_3.jar C:\Users\Karolina\AppData\Local\Temp\surefire6444751994692927293 2023-02-22T13-34-39_665-jvmRun1 surefire-20230222133440353_1tmp surefire_0-20230222133440353_2tmp"/>
    <property name="jdk.debug" value="release"/>
    <property name="surefire.test.class.path" value="C:\Users\Karolina\Documents\Java\myProjects\LibraryApp\target\test-classes;C:\Users\Karolina\Documents\Java\myProjects\LibraryApp\target\classes;C:\Users\Karolina\.m2\repository\com\mysql\mysql-connector-j\8.0.32\mysql-connector-j-8.0.32.jar;C:\Users\Karolina\.m2\repository\com\google\protobuf\protobuf-java\3.21.9\protobuf-java-3.21.9.jar;C:\Users\Karolina\.m2\repository\commons-codec\commons-codec\1.15\commons-codec-1.15.jar;C:\Users\Karolina\.m2\repository\org\junit\jupiter\junit-jupiter-api\5.9.2\junit-jupiter-api-5.9.2.jar;C:\Users\Karolina\.m2\repository\org\opentest4j\opentest4j\1.2.0\opentest4j-1.2.0.jar;C:\Users\Karolina\.m2\repository\org\junit\platform\junit-platform-commons\1.9.2\junit-platform-commons-1.9.2.jar;C:\Users\Karolina\.m2\repository\org\apiguardian\apiguardian-api\1.1.2\apiguardian-api-1.1.2.jar;C:\Users\Karolina\.m2\repository\junit\junit\4.13.2\junit-4.13.2.jar;C:\Users\Karolina\.m2\repository\org\hamcrest\hamcrest-core\1.3\hamcrest-core-1.3.jar;"/>
    <property name="sun.cpu.endian" value="little"/>
    <property name="user.home" value="C:\Users\Karolina"/>
    <property name="user.language" value="pl"/>
    <property name="java.specification.vendor" value="Oracle Corporation"/>
    <property name="java.version.date" value="2022-08-12"/>
    <property name="java.home" value="C:\Program Files\JetBrains\IntelliJ IDEA 2022.2.3\jbr"/>
    <property name="file.separator" value="\"/>
    <property name="basedir" value="C:\Users\Karolina\Documents\Java\myProjects\LibraryApp"/>
    <property name="java.vm.compressedOopsMode" value="Zero based"/>
    <property name="line.separator" value="&#10;"/>
    <property name="java.vm.specification.vendor" value="Oracle Corporation"/>
    <property name="java.specification.name" value="Java Platform API Specification"/>
    <property name="jbr.virtualization.information" value="No virtualization detected"/>
    <property name="surefire.real.class.path" value="C:\Users\Karolina\AppData\Local\Temp\surefire6444751994692927293\surefirebooter-20230222133440353_3.jar"/>
    <property name="user.script" value=""/>
    <property name="sun.management.compiler" value="HotSpot 64-Bit Tiered Compilers"/>
    <property name="java.runtime.version" value="17.0.4.1+7-b469.62"/>
    <property name="user.name" value="Karolina"/>
    <property name="path.separator" value=";"/>
    <property name="os.version" value="10.0"/>
    <property name="java.runtime.name" value="OpenJDK Runtime Environment"/>
    <property name="file.encoding" value="Cp1250"/>
    <property name="java.vm.name" value="OpenJDK 64-Bit Server VM"/>
    <property name="java.vendor.version" value="JBR-17.0.4.1+7-469.62-jcef"/>
    <property name="localRepository" value="C:\Users\Karolina\.m2\repository"/>
    <property name="java.vendor.url.bug" value="https://bugreport.java.com/bugreport/"/>
    <property name="java.io.tmpdir" value="C:\Users\Karolina\AppData\Local\Temp\"/>
    <property name="idea.version" value="2022.2.3"/>
    <property name="java.version" value="17.0.4.1"/>
    <property name="user.dir" value="C:\Users\Karolina\Documents\Java\myProjects\LibraryApp"/>
    <property name="os.arch" value="amd64"/>
    <property name="java.vm.specification.name" value="Java Virtual Machine Specification"/>
    <property name="sun.os.patch.level" value=""/>
    <property name="native.encoding" value="Cp1250"/>
    <property name="java.library.path" value="C:\Program Files\JetBrains\IntelliJ IDEA 2022.2.3\jbr\bin;C:\WINDOWS\Sun\Java\bin;C:\WINDOWS\system32;C:\WINDOWS;C:\Program Files\Common Files\Oracle\Java\javapath;C:\Windows\system32;C:\Windows;C:\Windows\System32\Wbem;C:\Windows\System32\WindowsPowerShell\v1.0\;C:\Program Files (x86)\NVIDIA Corporation\PhysX\Common;C:\WINDOWS\system32;C:\WINDOWS;C:\WINDOWS\System32\Wbem;C:\WINDOWS\System32\WindowsPowerShell\v1.0\;C:\WINDOWS\System32\OpenSSH\;C:\Program Files (x86)\Intel\Intel(R) Management Engine Components\DAL;C:\Program Files\Intel\Intel(R) Management Engine Components\DAL;C:\Program Files\NVIDIA Corporation\NVIDIA NvDLISR;C:\WINDOWS\system32;C:\WINDOWS;C:\WINDOWS\System32\Wbem;C:\WINDOWS\System32\WindowsPowerShell\v1.0\;C:\WINDOWS\System32\OpenSSH\;%JAVA_HOME%\bin;C:\Program Files\Microsoft SQL Server\Client SDK\ODBC\170\Tools\Binn\;C:\Program Files (x86)\Microsoft SQL Server\150\Tools\Binn\;C:\Program Files\Microsoft SQL Server\150\Tools\Binn\;C:\Program Files\Microsoft SQL Server\150\DTS\Binn\;C:\Program Files (x86)\Microsoft SQL Server\150\DTS\Binn\;C:\Program Files (x86)\dotnet\;C:\Program Files\PuTTY\;C:\Program Files\Git\cmd;C:\Users\Karolina\AppData\Local\Microsoft\WindowsApps;C:\Users\Karolina\AppData\Local\Programs\Microsoft VS Code\bin;C:\Program Files\mingw-w64\x86_64-8.1.0-posix-seh-rt_v6-rev0\mingw64\bin;;C:\Program Files\Azure Data Studio\bin;."/>
    <property name="java.vm.info" value="mixed mode"/>
    <property name="java.vendor" value="JetBrains s.r.o."/>
    <property name="java.vm.version" value="17.0.4.1+7-b469.62"/>
    <property name="sun.io.unicode.encoding" value="UnicodeLittle"/>
    <property name="java.class.version" value="61.0"/>
  </properties>
  <testcase name="failedBorrowBookByID" classname="pl.edu.wszib.library.database.BookDAOTest" time="0.088"/>
  <testcase name="successfulShowingAllBooks" classname="pl.edu.wszib.library.database.BookDAOTest" time="0.019">
    <system-out><![CDATA[Book =  id: 2	title: "ALICE IN WONDERLAND"	author: LEWIS CARROLL	isbn: 123466234	available: false	user_name: Karolina	 user_surname: Dyjak	date_of_borrow: 2023-02-01	 date_of_return: 2023-02-15
Book =  id: 3	title: "LITTLE WOMEN"	author: LOUISA MAY ALCOTT	isbn: 26334621	available: false	user_name: Anna	 user_surname: Dyjak	date_of_borrow: 2023-02-20	 date_of_return: 2023-03-06
Book =  id: 4	title: "TWISTED LOVE"	author: ANA HUANG	isbn: 34523141	available: false	user_name: Karolina	 user_surname: Dyjak	date_of_borrow: 2023-02-16	 date_of_return: 2023-03-02
Book =  id: 5	title: "IT ENDS WITH US"	author: HOOVER COLLEEN	isbn: 55412344243	available: true
Book =  id: 6	title: "TWISTED HATE"	author: ANA HUANG	isbn: 3242342	available: true
Book =  id: 7	title: "TWISTED LIES"	author: ANA HUANG	isbn: 2532534465414	available: false	user_name: Kazimierz	 user_surname: Malkowski	date_of_borrow: 2023-02-16	 date_of_return: 2023-03-02
Book =  id: 8	title: "SHE AND HER CAT"	author: SHINKAI MAKOTO	isbn: 3252342135	available: false	user_name: Marcin	 user_surname: Kolacz	date_of_borrow: 2023-02-19	 date_of_return: 2023-03-05
Book =  id: 9	title: "CLIFFORD"	author: MAYA JOHNSON	isbn: 1215123123	available: true
]]></system-out>
  </testcase>
  <testcase name="successfulShowingBooksOutOfDate" classname="pl.edu.wszib.library.database.BookDAOTest" time="0.054">
    <system-out><![CDATA[Book =  id: 2	title: "ALICE IN WONDERLAND"	author: LEWIS CARROLL	isbn: 123466234	available: false	user_name: Karolina	 user_surname: Dyjak	date_of_borrow: 2023-02-01	 date_of_return: 2023-02-15

]]></system-out>
  </testcase>
  <testcase name="failedAddingBook" classname="pl.edu.wszib.library.database.BookDAOTest" time="0.006"/>
  <testcase name="successfulShowingAllBorrowedBooks" classname="pl.edu.wszib.library.database.BookDAOTest" time="0.018">
    <system-out><![CDATA[Book =  id: 2	title: "ALICE IN WONDERLAND"	author: LEWIS CARROLL	isbn: 123466234	available: false	user_name: Karolina	 user_surname: Dyjak	date_of_borrow: 2023-02-01	 date_of_return: 2023-02-15

Book =  id: 3	title: "LITTLE WOMEN"	author: LOUISA MAY ALCOTT	isbn: 26334621	available: false	user_name: Anna	 user_surname: Dyjak	date_of_borrow: 2023-02-20	 date_of_return: 2023-03-06

Book =  id: 4	title: "TWISTED LOVE"	author: ANA HUANG	isbn: 34523141	available: false	user_name: Karolina	 user_surname: Dyjak	date_of_borrow: 2023-02-16	 date_of_return: 2023-03-02

Book =  id: 7	title: "TWISTED LIES"	author: ANA HUANG	isbn: 2532534465414	available: false	user_name: Kazimierz	 user_surname: Malkowski	date_of_borrow: 2023-02-16	 date_of_return: 2023-03-02

Book =  id: 8	title: "SHE AND HER CAT"	author: SHINKAI MAKOTO	isbn: 3252342135	available: false	user_name: Marcin	 user_surname: Kolacz	date_of_borrow: 2023-02-19	 date_of_return: 2023-03-05

]]></system-out>
  </testcase>
  <testcase name="failedFindBook" classname="pl.edu.wszib.library.database.BookDAOTest" time="0.002"/>
</testsuite>